Flow report for mips
Mon Jan 15 15:24:50 2024
Quartus Prime Version 23.1std.0 Build 991 11/28/2023 SC Lite Edition


---------------------
; Table of Contents ;
---------------------
  1. Legal Notice
  2. Flow Summary
  3. Flow Settings
  4. Flow Non-Default Global Settings
  5. Flow Elapsed Time
  6. Flow OS Summary
  7. Flow Log
  8. Flow Messages
  9. Flow Suppressed Messages



----------------
; Legal Notice ;
----------------
Copyright (C) 2023  Intel Corporation. All rights reserved.
Your use of Intel Corporation's design tools, logic functions 
and other software and tools, and any partner logic 
functions, and any output files from any of the foregoing 
(including device programming or simulation files), and any 
associated documentation or information are expressly subject 
to the terms and conditions of the Intel Program License 
Subscription Agreement, the Intel Quartus Prime License Agreement,
the Intel FPGA IP License Agreement, or other applicable license
agreement, including, without limitation, that your use is for
the sole purpose of programming logic devices manufactured by
Intel and sold by Intel or its authorized distributors.  Please
refer to the applicable agreement for further details, at
https://fpgasoftware.intel.com/eula.



+-------------------------------------------------------------------------------------+
; Flow Summary                                                                        ;
+------------------------------------+------------------------------------------------+
; Flow Status                        ; Successful - Mon Jan 15 15:24:50 2024          ;
; Quartus Prime Version              ; 23.1std.0 Build 991 11/28/2023 SC Lite Edition ;
; Revision Name                      ; mips                                           ;
; Top-level Entity Name              ; mips                                           ;
; Family                             ; MAX 10                                         ;
; Device                             ; 10M50DAF484C7G                                 ;
; Timing Models                      ; Final                                          ;
; Total logic elements               ; 1 / 49,760 ( < 1 % )                           ;
;     Total combinational functions  ; 1 / 49,760 ( < 1 % )                           ;
;     Dedicated logic registers      ; 0 / 49,760 ( 0 % )                             ;
; Total registers                    ; 0                                              ;
; Total pins                         ; 149 / 360 ( 41 % )                             ;
; Total virtual pins                 ; 0                                              ;
; Total memory bits                  ; 0 / 1,677,312 ( 0 % )                          ;
; Embedded Multiplier 9-bit elements ; 0 / 288 ( 0 % )                                ;
; Total PLLs                         ; 0 / 4 ( 0 % )                                  ;
; UFM blocks                         ; 0 / 1 ( 0 % )                                  ;
; ADC blocks                         ; 0 / 2 ( 0 % )                                  ;
+------------------------------------+------------------------------------------------+


+-----------------------------------------+
; Flow Settings                           ;
+-------------------+---------------------+
; Option            ; Setting             ;
+-------------------+---------------------+
; Start date & time ; 01/15/2024 15:24:25 ;
; Main task         ; Compilation         ;
; Revision Name     ; mips                ;
+-------------------+---------------------+


+---------------------------------------------------------------------------------------------------------------------------------------------------+
; Flow Non-Default Global Settings                                                                                                                  ;
+----------------------------------------+----------------------------------------+---------------+-------------+-----------------------------------+
; Assignment Name                        ; Value                                  ; Default Value ; Entity Name ; Section Id                        ;
+----------------------------------------+----------------------------------------+---------------+-------------+-----------------------------------+
; COMPILER_SIGNATURE_ID                  ; 91760895376.170534666526192            ; --            ; --          ; --                                ;
; EDA_BOARD_DESIGN_SIGNAL_INTEGRITY_TOOL ; IBIS (Signal Integrity)                ; <None>        ; --          ; --                                ;
; EDA_BOARD_DESIGN_SYMBOL_TOOL           ; ViewDraw (Symbol)                      ; <None>        ; --          ; --                                ;
; EDA_DESIGN_ENTRY_SYNTHESIS_TOOL        ; Synplify                               ; <None>        ; --          ; --                                ;
; EDA_DESIGN_INSTANCE_NAME               ; NA                                     ; --            ; --          ; MIPSpipeline                      ;
; EDA_DESIGN_INSTANCE_NAME               ; NA                                     ; --            ; --          ; mips_tb                           ;
; EDA_GENERATE_FUNCTIONAL_NETLIST        ; Off                                    ; --            ; --          ; eda_board_design_timing           ;
; EDA_GENERATE_FUNCTIONAL_NETLIST        ; Off                                    ; --            ; --          ; eda_board_design_boundary_scan    ;
; EDA_GENERATE_FUNCTIONAL_NETLIST        ; Off                                    ; --            ; --          ; eda_board_design_signal_integrity ;
; EDA_GENERATE_FUNCTIONAL_NETLIST        ; Off                                    ; --            ; --          ; eda_board_design_symbol           ;
; EDA_INPUT_DATA_FORMAT                  ; Vqm                                    ; --            ; --          ; eda_design_synthesis              ;
; EDA_LMF_FILE                           ; synplcty.lmf                           ; --            ; --          ; eda_design_synthesis              ;
; EDA_NATIVELINK_SIMULATION_TEST_BENCH   ; MIPSpipeline                           ; --            ; --          ; eda_simulation                    ;
; EDA_OUTPUT_DATA_FORMAT                 ; Systemverilog Hdl                      ; --            ; --          ; eda_simulation                    ;
; EDA_OUTPUT_DATA_FORMAT                 ; Ibis                                   ; --            ; --          ; eda_board_design_signal_integrity ;
; EDA_OUTPUT_DATA_FORMAT                 ; Viewdraw                               ; --            ; --          ; eda_board_design_symbol           ;
; EDA_SIMULATION_TOOL                    ; QuestaSim (SystemVerilog)              ; <None>        ; --          ; --                                ;
; EDA_TEST_BENCH_ENABLE_STATUS           ; TEST_BENCH_MODE                        ; --            ; --          ; eda_simulation                    ;
; EDA_TEST_BENCH_FILE                    ; MIPSpipeline.v                         ; --            ; --          ; MIPSpipeline                      ;
; EDA_TEST_BENCH_FILE                    ; mips_tb.v                              ; --            ; --          ; mips_tb                           ;
; EDA_TEST_BENCH_MODULE_NAME             ; MIPSpipeline                           ; --            ; --          ; MIPSpipeline                      ;
; EDA_TEST_BENCH_MODULE_NAME             ; mips_tb                                ; --            ; --          ; mips_tb                           ;
; EDA_TEST_BENCH_NAME                    ; mips_tb                                ; --            ; --          ; eda_simulation                    ;
; EDA_TEST_BENCH_NAME                    ; MIPSpipeline                           ; --            ; --          ; eda_simulation                    ;
; EDA_TIME_SCALE                         ; 1 ps                                   ; --            ; --          ; eda_simulation                    ;
; MAX_CORE_JUNCTION_TEMP                 ; 85                                     ; --            ; --          ; --                                ;
; MIN_CORE_JUNCTION_TEMP                 ; 0                                      ; --            ; --          ; --                                ;
; PARTITION_COLOR                        ; -- (Not supported for targeted family) ; --            ; --          ; Top                               ;
; PARTITION_FITTER_PRESERVATION_LEVEL    ; -- (Not supported for targeted family) ; --            ; --          ; Top                               ;
; PARTITION_NETLIST_TYPE                 ; -- (Not supported for targeted family) ; --            ; --          ; Top                               ;
; POWER_BOARD_THERMAL_MODEL              ; None (CONSERVATIVE)                    ; --            ; --          ; --                                ;
; POWER_PRESET_COOLING_SOLUTION          ; 23 MM HEAT SINK WITH 200 LFPM AIRFLOW  ; --            ; --          ; --                                ;
+----------------------------------------+----------------------------------------+---------------+-------------+-----------------------------------+


+--------------------------------------------------------------------------------------------------------------------------+
; Flow Elapsed Time                                                                                                        ;
+----------------------+--------------+-------------------------+---------------------+------------------------------------+
; Module Name          ; Elapsed Time ; Average Processors Used ; Peak Virtual Memory ; Total CPU Time (on all processors) ;
+----------------------+--------------+-------------------------+---------------------+------------------------------------+
; Analysis & Synthesis ; 00:00:09     ; 1.0                     ; 4820 MB             ; 00:00:03                           ;
; Fitter               ; 00:00:05     ; 1.0                     ; 6410 MB             ; 00:00:03                           ;
; Assembler            ; 00:00:02     ; 1.0                     ; 4746 MB             ; 00:00:00                           ;
; Timing Analyzer      ; 00:00:03     ; 1.1                     ; 4914 MB             ; 00:00:00                           ;
; EDA Netlist Writer   ; 00:00:01     ; 1.0                     ; 4687 MB             ; 00:00:00                           ;
; Total                ; 00:00:20     ; --                      ; --                  ; 00:00:06                           ;
+----------------------+--------------+-------------------------+---------------------+------------------------------------+


+------------------------------------------------------------------------------------+
; Flow OS Summary                                                                    ;
+----------------------+------------------+------------+------------+----------------+
; Module Name          ; Machine Hostname ; OS Name    ; OS Version ; Processor type ;
+----------------------+------------------+------------+------------+----------------+
; Analysis & Synthesis ; ad               ; Windows 10 ; 10.0       ; x86_64         ;
; Fitter               ; ad               ; Windows 10 ; 10.0       ; x86_64         ;
; Assembler            ; ad               ; Windows 10 ; 10.0       ; x86_64         ;
; Timing Analyzer      ; ad               ; Windows 10 ; 10.0       ; x86_64         ;
; EDA Netlist Writer   ; ad               ; Windows 10 ; 10.0       ; x86_64         ;
+----------------------+------------------+------------+------------+----------------+


------------
; Flow Log ;
------------
quartus_map --read_settings_files=on --write_settings_files=off mips -c mips
quartus_fit --read_settings_files=off --write_settings_files=off mips -c mips
quartus_asm --read_settings_files=off --write_settings_files=off mips -c mips
quartus_sta mips -c mips
quartus_eda --read_settings_files=off --write_settings_files=off mips -c mips



