Analysis & Synthesis report for mips
Wed Jan 10 15:54:54 2024
Quartus Prime Version 23.1std.0 Build 991 11/28/2023 SC Lite Edition


---------------------
; Table of Contents ;
---------------------
  1. Legal Notice
  2. Analysis & Synthesis Summary
  3. Analysis & Synthesis Settings
  4. Parallel Compilation
  5. Analysis & Synthesis Source Files Read
  6. Analysis & Synthesis Resource Usage Summary
  7. Analysis & Synthesis Resource Utilization by Entity
  8. General Register Statistics
  9. Post-Synthesis Netlist Statistics for Top Partition
 10. Elapsed Time Per Partition
 11. Analysis & Synthesis Messages



----------------
; Legal Notice ;
----------------
Copyright (C) 2023  Intel Corporation. All rights reserved.
Your use of Intel Corporation's design tools, logic functions 
and other software and tools, and any partner logic 
functions, and any output files from any of the foregoing 
(including device programming or simulation files), and any 
associated documentation or information are expressly subject 
to the terms and conditions of the Intel Program License 
Subscription Agreement, the Intel Quartus Prime License Agreement,
the Intel FPGA IP License Agreement, or other applicable license
agreement, including, without limitation, that your use is for
the sole purpose of programming logic devices manufactured by
Intel and sold by Intel or its authorized distributors.  Please
refer to the applicable agreement for further details, at
https://fpgasoftware.intel.com/eula.



+-------------------------------------------------------------------------------------+
; Analysis & Synthesis Summary                                                        ;
+------------------------------------+------------------------------------------------+
; Analysis & Synthesis Status        ; Successful - Wed Jan 10 15:54:54 2024          ;
; Quartus Prime Version              ; 23.1std.0 Build 991 11/28/2023 SC Lite Edition ;
; Revision Name                      ; mips                                           ;
; Top-level Entity Name              ; mips                                           ;
; Family                             ; MAX 10                                         ;
; Total logic elements               ; 0                                              ;
;     Total combinational functions  ; 0                                              ;
;     Dedicated logic registers      ; 0                                              ;
; Total registers                    ; 0                                              ;
; Total pins                         ; 149                                            ;
; Total virtual pins                 ; 0                                              ;
; Total memory bits                  ; 0                                              ;
; Embedded Multiplier 9-bit elements ; 0                                              ;
; Total PLLs                         ; 0                                              ;
; UFM blocks                         ; 0                                              ;
; ADC blocks                         ; 0                                              ;
+------------------------------------+------------------------------------------------+


+------------------------------------------------------------------------------------------------------------+
; Analysis & Synthesis Settings                                                                              ;
+------------------------------------------------------------------+--------------------+--------------------+
; Option                                                           ; Setting            ; Default Value      ;
+------------------------------------------------------------------+--------------------+--------------------+
; Device                                                           ; 10M50DAF484C7G     ;                    ;
; Top-level entity name                                            ; mips               ; mips               ;
; Family name                                                      ; MAX 10 FPGA        ; Cyclone V          ;
; Use smart compilation                                            ; Off                ; Off                ;
; Enable parallel Assembler and Timing Analyzer during compilation ; On                 ; On                 ;
; Enable compact report table                                      ; Off                ; Off                ;
; Restructure Multiplexers                                         ; Auto               ; Auto               ;
; Create Debugging Nodes for IP Cores                              ; Off                ; Off                ;
; Preserve fewer node names                                        ; On                 ; On                 ;
; Intel FPGA IP Evaluation Mode                                    ; Enable             ; Enable             ;
; Verilog Version                                                  ; Verilog_2001       ; Verilog_2001       ;
; VHDL Version                                                     ; VHDL_1993          ; VHDL_1993          ;
; State Machine Processing                                         ; Auto               ; Auto               ;
; Safe State Machine                                               ; Off                ; Off                ;
; Extract Verilog State Machines                                   ; On                 ; On                 ;
; Extract VHDL State Machines                                      ; On                 ; On                 ;
; Ignore Verilog initial constructs                                ; Off                ; Off                ;
; Iteration limit for constant Verilog loops                       ; 5000               ; 5000               ;
; Iteration limit for non-constant Verilog loops                   ; 250                ; 250                ;
; Add Pass-Through Logic to Inferred RAMs                          ; On                 ; On                 ;
; Infer RAMs from Raw Logic                                        ; On                 ; On                 ;
; Parallel Synthesis                                               ; On                 ; On                 ;
; DSP Block Balancing                                              ; Auto               ; Auto               ;
; NOT Gate Push-Back                                               ; On                 ; On                 ;
; Power-Up Don't Care                                              ; On                 ; On                 ;
; Remove Redundant Logic Cells                                     ; Off                ; Off                ;
; Remove Duplicate Registers                                       ; On                 ; On                 ;
; Ignore CARRY Buffers                                             ; Off                ; Off                ;
; Ignore CASCADE Buffers                                           ; Off                ; Off                ;
; Ignore GLOBAL Buffers                                            ; Off                ; Off                ;
; Ignore ROW GLOBAL Buffers                                        ; Off                ; Off                ;
; Ignore LCELL Buffers                                             ; Off                ; Off                ;
; Ignore SOFT Buffers                                              ; On                 ; On                 ;
; Limit AHDL Integers to 32 Bits                                   ; Off                ; Off                ;
; Optimization Technique                                           ; Balanced           ; Balanced           ;
; Carry Chain Length                                               ; 70                 ; 70                 ;
; Auto Carry Chains                                                ; On                 ; On                 ;
; Auto Open-Drain Pins                                             ; On                 ; On                 ;
; Perform WYSIWYG Primitive Resynthesis                            ; Off                ; Off                ;
; Auto ROM Replacement                                             ; On                 ; On                 ;
; Auto RAM Replacement                                             ; On                 ; On                 ;
; Auto DSP Block Replacement                                       ; On                 ; On                 ;
; Auto Shift Register Replacement                                  ; Auto               ; Auto               ;
; Allow Shift Register Merging across Hierarchies                  ; Auto               ; Auto               ;
; Auto Clock Enable Replacement                                    ; On                 ; On                 ;
; Strict RAM Replacement                                           ; Off                ; Off                ;
; Allow Synchronous Control Signals                                ; On                 ; On                 ;
; Force Use of Synchronous Clear Signals                           ; Off                ; Off                ;
; Auto RAM Block Balancing                                         ; On                 ; On                 ;
; Auto RAM to Logic Cell Conversion                                ; Off                ; Off                ;
; Auto Resource Sharing                                            ; Off                ; Off                ;
; Allow Any RAM Size For Recognition                               ; Off                ; Off                ;
; Allow Any ROM Size For Recognition                               ; Off                ; Off                ;
; Allow Any Shift Register Size For Recognition                    ; Off                ; Off                ;
; Use LogicLock Constraints during Resource Balancing              ; On                 ; On                 ;
; Ignore translate_off and synthesis_off directives                ; Off                ; Off                ;
; Timing-Driven Synthesis                                          ; On                 ; On                 ;
; Report Parameter Settings                                        ; On                 ; On                 ;
; Report Source Assignments                                        ; On                 ; On                 ;
; Report Connectivity Checks                                       ; On                 ; On                 ;
; Ignore Maximum Fan-Out Assignments                               ; Off                ; Off                ;
; Synchronization Register Chain Length                            ; 2                  ; 2                  ;
; Power Optimization During Synthesis                              ; Normal compilation ; Normal compilation ;
; HDL message level                                                ; Level2             ; Level2             ;
; Suppress Register Optimization Related Messages                  ; Off                ; Off                ;
; Number of Removed Registers Reported in Synthesis Report         ; 5000               ; 5000               ;
; Number of Swept Nodes Reported in Synthesis Report               ; 5000               ; 5000               ;
; Number of Inverted Registers Reported in Synthesis Report        ; 100                ; 100                ;
; Clock MUX Protection                                             ; On                 ; On                 ;
; Auto Gated Clock Conversion                                      ; Off                ; Off                ;
; Block Design Naming                                              ; Auto               ; Auto               ;
; SDC constraint protection                                        ; Off                ; Off                ;
; Synthesis Effort                                                 ; Auto               ; Auto               ;
; Shift Register Replacement - Allow Asynchronous Clear Signal     ; On                 ; On                 ;
; Pre-Mapping Resynthesis Optimization                             ; Off                ; Off                ;
; Analysis & Synthesis Message Level                               ; Medium             ; Medium             ;
; Disable Register Merging Across Hierarchies                      ; Auto               ; Auto               ;
; Resource Aware Inference For Block RAM                           ; On                 ; On                 ;
+------------------------------------------------------------------+--------------------+--------------------+


+------------------------------------------+
; Parallel Compilation                     ;
+----------------------------+-------------+
; Processors                 ; Number      ;
+----------------------------+-------------+
; Number detected on machine ; 20          ;
; Maximum allowed            ; 14          ;
;                            ;             ;
; Average used               ; 1.00        ;
; Maximum used               ; 1           ;
;                            ;             ;
; Usage by Processor         ; % Time Used ;
;     Processor 1            ; 100.0%      ;
+----------------------------+-------------+


+-----------------------------------------------------------------------------------------------------------------------------------------------------------------------------------------------------------+
; Analysis & Synthesis Source Files Read                                                                                                                                                                    ;
+----------------------------------+-----------------+------------------------------+-------------------------------------------------------------------------------------------------------------+---------+
; File Name with User-Entered Path ; Used in Netlist ; File Type                    ; File Name with Absolute Path                                                                                ; Library ;
+----------------------------------+-----------------+------------------------------+-------------------------------------------------------------------------------------------------------------+---------+
; mips.v                           ; yes             ; Auto-Found Verilog HDL File  ; C:/Users/makth/Downloads/DE10-Lite_v.2.1.0_SystemCD/Tools/SystemBuilder/CodeGenerated/DE10_LITE/mips/mips.v ;         ;
+----------------------------------+-----------------+------------------------------+-------------------------------------------------------------------------------------------------------------+---------+


+-----------------------------------------------------------------+
; Analysis & Synthesis Resource Usage Summary                     ;
+---------------------------------------------+-------------------+
; Resource                                    ; Usage             ;
+---------------------------------------------+-------------------+
;                                             ;                   ;
; Total combinational functions               ; 0                 ;
; Logic element usage by number of LUT inputs ;                   ;
;     -- 4 input functions                    ; 0                 ;
;     -- 3 input functions                    ; 0                 ;
;     -- <=2 input functions                  ; 0                 ;
;                                             ;                   ;
; Logic elements by mode                      ;                   ;
;     -- normal mode                          ; 0                 ;
;     -- arithmetic mode                      ; 0                 ;
;                                             ;                   ;
; Total registers                             ; 0                 ;
;     -- Dedicated logic registers            ; 0                 ;
;     -- I/O registers                        ; 0                 ;
;                                             ;                   ;
; I/O pins                                    ; 149               ;
;                                             ;                   ;
; Embedded Multiplier 9-bit elements          ; 0                 ;
;                                             ;                   ;
; Maximum fan-out node                        ; DRAM_DQ[0]~output ;
; Maximum fan-out                             ; 1                 ;
; Total fan-out                               ; 184               ;
; Average fan-out                             ; 0.55              ;
+---------------------------------------------+-------------------+


+------------------------------------------------------------------------------------------------------------------------------------------------------------------------------------------------------------------------------------+
; Analysis & Synthesis Resource Utilization by Entity                                                                                                                                                                                ;
+----------------------------+---------------------+---------------------------+-------------+------------+--------------+---------+-----------+------+--------------+------------+---------------------+-------------+--------------+
; Compilation Hierarchy Node ; Combinational ALUTs ; Dedicated Logic Registers ; Memory Bits ; UFM Blocks ; DSP Elements ; DSP 9x9 ; DSP 18x18 ; Pins ; Virtual Pins ; ADC blocks ; Full Hierarchy Name ; Entity Name ; Library Name ;
+----------------------------+---------------------+---------------------------+-------------+------------+--------------+---------+-----------+------+--------------+------------+---------------------+-------------+--------------+
; |mips                      ; 0 (0)               ; 0 (0)                     ; 0           ; 0          ; 0            ; 0       ; 0         ; 149  ; 0            ; 0          ; |mips               ; mips        ; work         ;
+----------------------------+---------------------+---------------------------+-------------+------------+--------------+---------+-----------+------+--------------+------------+---------------------+-------------+--------------+
Note: For table entries with two numbers listed, the numbers in parentheses indicate the number of resources of the given type used by the specific entity alone. The numbers listed outside of parentheses indicate the total resources of the given type used by the specific entity and all of its sub-entities in the hierarchy.


+------------------------------------------------------+
; General Register Statistics                          ;
+----------------------------------------------+-------+
; Statistic                                    ; Value ;
+----------------------------------------------+-------+
; Total registers                              ; 0     ;
; Number of registers using Synchronous Clear  ; 0     ;
; Number of registers using Synchronous Load   ; 0     ;
; Number of registers using Asynchronous Clear ; 0     ;
; Number of registers using Asynchronous Load  ; 0     ;
; Number of registers using Clock Enable       ; 0     ;
; Number of registers using Preset             ; 0     ;
+----------------------------------------------+-------+


+-----------------------------------------------------+
; Post-Synthesis Netlist Statistics for Top Partition ;
+-----------------------+-----------------------------+
; Type                  ; Count                       ;
+-----------------------+-----------------------------+
; boundary_port         ; 149                         ;
; cycloneiii_io_obuf    ; 35                          ;
; cycloneiii_lcell_comb ; 1                           ;
;     normal            ; 1                           ;
;         0 data inputs ; 1                           ;
;                       ;                             ;
; Max LUT depth         ; 0.00                        ;
; Average LUT depth     ; 0.00                        ;
+-----------------------+-----------------------------+


+-------------------------------+
; Elapsed Time Per Partition    ;
+----------------+--------------+
; Partition Name ; Elapsed Time ;
+----------------+--------------+
; Top            ; 00:00:00     ;
+----------------+--------------+


+-------------------------------+
; Analysis & Synthesis Messages ;
+-------------------------------+
Info: *******************************************************************
Info: Running Quartus Prime Analysis & Synthesis
    Info: Version 23.1std.0 Build 991 11/28/2023 SC Lite Edition
    Info: Processing started: Wed Jan 10 15:54:48 2024
Info: Command: quartus_map --read_settings_files=on --write_settings_files=off mips -c mips
Warning (18236): Number of processors has not been specified which may cause overloading on shared machines.  Set the global assignment NUM_PARALLEL_PROCESSORS in your QSF to an appropriate value for best performance.
Info (20030): Parallel compilation is enabled and will use 14 of the 14 processors detected
Warning (12125): Using design file mips.v, which is not specified as a design file for the current project, but contains definitions for 13 design units and 13 entities in project
    Info (12023): Found entity 1: mips File: C:/Users/makth/Downloads/DE10-Lite_v.2.1.0_SystemCD/Tools/SystemBuilder/CodeGenerated/DE10_LITE/mips/mips.v Line: 6
    Info (12023): Found entity 2: mipsv1 File: C:/Users/makth/Downloads/DE10-Lite_v.2.1.0_SystemCD/Tools/SystemBuilder/CodeGenerated/DE10_LITE/mips/mips.v Line: 74
    Info (12023): Found entity 3: controller File: C:/Users/makth/Downloads/DE10-Lite_v.2.1.0_SystemCD/Tools/SystemBuilder/CodeGenerated/DE10_LITE/mips/mips.v Line: 95
    Info (12023): Found entity 4: maindec File: C:/Users/makth/Downloads/DE10-Lite_v.2.1.0_SystemCD/Tools/SystemBuilder/CodeGenerated/DE10_LITE/mips/mips.v Line: 111
    Info (12023): Found entity 5: aludec File: C:/Users/makth/Downloads/DE10-Lite_v.2.1.0_SystemCD/Tools/SystemBuilder/CodeGenerated/DE10_LITE/mips/mips.v Line: 134
    Info (12023): Found entity 6: datapath File: C:/Users/makth/Downloads/DE10-Lite_v.2.1.0_SystemCD/Tools/SystemBuilder/CodeGenerated/DE10_LITE/mips/mips.v Line: 153
    Info (12023): Found entity 7: regfile File: C:/Users/makth/Downloads/DE10-Lite_v.2.1.0_SystemCD/Tools/SystemBuilder/CodeGenerated/DE10_LITE/mips/mips.v Line: 195
    Info (12023): Found entity 8: adder File: C:/Users/makth/Downloads/DE10-Lite_v.2.1.0_SystemCD/Tools/SystemBuilder/CodeGenerated/DE10_LITE/mips/mips.v Line: 212
    Info (12023): Found entity 9: sl2 File: C:/Users/makth/Downloads/DE10-Lite_v.2.1.0_SystemCD/Tools/SystemBuilder/CodeGenerated/DE10_LITE/mips/mips.v Line: 217
    Info (12023): Found entity 10: signext File: C:/Users/makth/Downloads/DE10-Lite_v.2.1.0_SystemCD/Tools/SystemBuilder/CodeGenerated/DE10_LITE/mips/mips.v Line: 223
    Info (12023): Found entity 11: flopr File: C:/Users/makth/Downloads/DE10-Lite_v.2.1.0_SystemCD/Tools/SystemBuilder/CodeGenerated/DE10_LITE/mips/mips.v Line: 228
    Info (12023): Found entity 12: mux2 File: C:/Users/makth/Downloads/DE10-Lite_v.2.1.0_SystemCD/Tools/SystemBuilder/CodeGenerated/DE10_LITE/mips/mips.v Line: 237
    Info (12023): Found entity 13: alu File: C:/Users/makth/Downloads/DE10-Lite_v.2.1.0_SystemCD/Tools/SystemBuilder/CodeGenerated/DE10_LITE/mips/mips.v Line: 245
Warning (10236): Verilog HDL Implicit Net warning at mips.v(83): created implicit net for "zero" File: C:/Users/makth/Downloads/DE10-Lite_v.2.1.0_SystemCD/Tools/SystemBuilder/CodeGenerated/DE10_LITE/mips/mips.v Line: 83
Warning (10236): Verilog HDL Implicit Net warning at mips.v(84): created implicit net for "pcsrc" File: C:/Users/makth/Downloads/DE10-Lite_v.2.1.0_SystemCD/Tools/SystemBuilder/CodeGenerated/DE10_LITE/mips/mips.v Line: 84
Info (12127): Elaborating entity "mips" for the top level hierarchy
Warning (10034): Output port "DRAM_ADDR" at mips.v(14) has no driver File: C:/Users/makth/Downloads/DE10-Lite_v.2.1.0_SystemCD/Tools/SystemBuilder/CodeGenerated/DE10_LITE/mips/mips.v Line: 14
Warning (10034): Output port "DRAM_BA" at mips.v(15) has no driver File: C:/Users/makth/Downloads/DE10-Lite_v.2.1.0_SystemCD/Tools/SystemBuilder/CodeGenerated/DE10_LITE/mips/mips.v Line: 15
Warning (10034): Output port "HEX0" at mips.v(27) has no driver File: C:/Users/makth/Downloads/DE10-Lite_v.2.1.0_SystemCD/Tools/SystemBuilder/CodeGenerated/DE10_LITE/mips/mips.v Line: 27
Warning (10034): Output port "HEX1" at mips.v(28) has no driver File: C:/Users/makth/Downloads/DE10-Lite_v.2.1.0_SystemCD/Tools/SystemBuilder/CodeGenerated/DE10_LITE/mips/mips.v Line: 28
Warning (10034): Output port "HEX2" at mips.v(29) has no driver File: C:/Users/makth/Downloads/DE10-Lite_v.2.1.0_SystemCD/Tools/SystemBuilder/CodeGenerated/DE10_LITE/mips/mips.v Line: 29
Warning (10034): Output port "HEX3" at mips.v(30) has no driver File: C:/Users/makth/Downloads/DE10-Lite_v.2.1.0_SystemCD/Tools/SystemBuilder/CodeGenerated/DE10_LITE/mips/mips.v Line: 30
Warning (10034): Output port "HEX4" at mips.v(31) has no driver File: C:/Users/makth/Downloads/DE10-Lite_v.2.1.0_SystemCD/Tools/SystemBuilder/CodeGenerated/DE10_LITE/mips/mips.v Line: 31
Warning (10034): Output port "HEX5" at mips.v(32) has no driver File: C:/Users/makth/Downloads/DE10-Lite_v.2.1.0_SystemCD/Tools/SystemBuilder/CodeGenerated/DE10_LITE/mips/mips.v Line: 32
Warning (10034): Output port "LEDR" at mips.v(38) has no driver File: C:/Users/makth/Downloads/DE10-Lite_v.2.1.0_SystemCD/Tools/SystemBuilder/CodeGenerated/DE10_LITE/mips/mips.v Line: 38
Warning (10034): Output port "VGA_B" at mips.v(44) has no driver File: C:/Users/makth/Downloads/DE10-Lite_v.2.1.0_SystemCD/Tools/SystemBuilder/CodeGenerated/DE10_LITE/mips/mips.v Line: 44
Warning (10034): Output port "VGA_G" at mips.v(45) has no driver File: C:/Users/makth/Downloads/DE10-Lite_v.2.1.0_SystemCD/Tools/SystemBuilder/CodeGenerated/DE10_LITE/mips/mips.v Line: 45
Warning (10034): Output port "VGA_R" at mips.v(47) has no driver File: C:/Users/makth/Downloads/DE10-Lite_v.2.1.0_SystemCD/Tools/SystemBuilder/CodeGenerated/DE10_LITE/mips/mips.v Line: 47
Warning (10034): Output port "DRAM_CAS_N" at mips.v(16) has no driver File: C:/Users/makth/Downloads/DE10-Lite_v.2.1.0_SystemCD/Tools/SystemBuilder/CodeGenerated/DE10_LITE/mips/mips.v Line: 16
Warning (10034): Output port "DRAM_CKE" at mips.v(17) has no driver File: C:/Users/makth/Downloads/DE10-Lite_v.2.1.0_SystemCD/Tools/SystemBuilder/CodeGenerated/DE10_LITE/mips/mips.v Line: 17
Warning (10034): Output port "DRAM_CLK" at mips.v(18) has no driver File: C:/Users/makth/Downloads/DE10-Lite_v.2.1.0_SystemCD/Tools/SystemBuilder/CodeGenerated/DE10_LITE/mips/mips.v Line: 18
Warning (10034): Output port "DRAM_CS_N" at mips.v(19) has no driver File: C:/Users/makth/Downloads/DE10-Lite_v.2.1.0_SystemCD/Tools/SystemBuilder/CodeGenerated/DE10_LITE/mips/mips.v Line: 19
Warning (10034): Output port "DRAM_LDQM" at mips.v(21) has no driver File: C:/Users/makth/Downloads/DE10-Lite_v.2.1.0_SystemCD/Tools/SystemBuilder/CodeGenerated/DE10_LITE/mips/mips.v Line: 21
Warning (10034): Output port "DRAM_RAS_N" at mips.v(22) has no driver File: C:/Users/makth/Downloads/DE10-Lite_v.2.1.0_SystemCD/Tools/SystemBuilder/CodeGenerated/DE10_LITE/mips/mips.v Line: 22
Warning (10034): Output port "DRAM_UDQM" at mips.v(23) has no driver File: C:/Users/makth/Downloads/DE10-Lite_v.2.1.0_SystemCD/Tools/SystemBuilder/CodeGenerated/DE10_LITE/mips/mips.v Line: 23
Warning (10034): Output port "DRAM_WE_N" at mips.v(24) has no driver File: C:/Users/makth/Downloads/DE10-Lite_v.2.1.0_SystemCD/Tools/SystemBuilder/CodeGenerated/DE10_LITE/mips/mips.v Line: 24
Warning (10034): Output port "VGA_HS" at mips.v(46) has no driver File: C:/Users/makth/Downloads/DE10-Lite_v.2.1.0_SystemCD/Tools/SystemBuilder/CodeGenerated/DE10_LITE/mips/mips.v Line: 46
Warning (10034): Output port "VGA_VS" at mips.v(48) has no driver File: C:/Users/makth/Downloads/DE10-Lite_v.2.1.0_SystemCD/Tools/SystemBuilder/CodeGenerated/DE10_LITE/mips/mips.v Line: 48
Warning (10034): Output port "GSENSOR_CS_N" at mips.v(51) has no driver File: C:/Users/makth/Downloads/DE10-Lite_v.2.1.0_SystemCD/Tools/SystemBuilder/CodeGenerated/DE10_LITE/mips/mips.v Line: 51
Warning (10034): Output port "GSENSOR_SCLK" at mips.v(53) has no driver File: C:/Users/makth/Downloads/DE10-Lite_v.2.1.0_SystemCD/Tools/SystemBuilder/CodeGenerated/DE10_LITE/mips/mips.v Line: 53
Warning (12158): Entity "mips" contains only dangling pins
Warning (13039): The following bidirectional pins have no drivers
    Warning (13040): bidirectional pin "DRAM_DQ[0]" has no driver File: C:/Users/makth/Downloads/DE10-Lite_v.2.1.0_SystemCD/Tools/SystemBuilder/CodeGenerated/DE10_LITE/mips/mips.v Line: 20
    Warning (13040): bidirectional pin "DRAM_DQ[1]" has no driver File: C:/Users/makth/Downloads/DE10-Lite_v.2.1.0_SystemCD/Tools/SystemBuilder/CodeGenerated/DE10_LITE/mips/mips.v Line: 20
    Warning (13040): bidirectional pin "DRAM_DQ[2]" has no driver File: C:/Users/makth/Downloads/DE10-Lite_v.2.1.0_SystemCD/Tools/SystemBuilder/CodeGenerated/DE10_LITE/mips/mips.v Line: 20
    Warning (13040): bidirectional pin "DRAM_DQ[3]" has no driver File: C:/Users/makth/Downloads/DE10-Lite_v.2.1.0_SystemCD/Tools/SystemBuilder/CodeGenerated/DE10_LITE/mips/mips.v Line: 20
    Warning (13040): bidirectional pin "DRAM_DQ[4]" has no driver File: C:/Users/makth/Downloads/DE10-Lite_v.2.1.0_SystemCD/Tools/SystemBuilder/CodeGenerated/DE10_LITE/mips/mips.v Line: 20
    Warning (13040): bidirectional pin "DRAM_DQ[5]" has no driver File: C:/Users/makth/Downloads/DE10-Lite_v.2.1.0_SystemCD/Tools/SystemBuilder/CodeGenerated/DE10_LITE/mips/mips.v Line: 20
    Warning (13040): bidirectional pin "DRAM_DQ[6]" has no driver File: C:/Users/makth/Downloads/DE10-Lite_v.2.1.0_SystemCD/Tools/SystemBuilder/CodeGenerated/DE10_LITE/mips/mips.v Line: 20
    Warning (13040): bidirectional pin "DRAM_DQ[7]" has no driver File: C:/Users/makth/Downloads/DE10-Lite_v.2.1.0_SystemCD/Tools/SystemBuilder/CodeGenerated/DE10_LITE/mips/mips.v Line: 20
    Warning (13040): bidirectional pin "DRAM_DQ[8]" has no driver File: C:/Users/makth/Downloads/DE10-Lite_v.2.1.0_SystemCD/Tools/SystemBuilder/CodeGenerated/DE10_LITE/mips/mips.v Line: 20
    Warning (13040): bidirectional pin "DRAM_DQ[9]" has no driver File: C:/Users/makth/Downloads/DE10-Lite_v.2.1.0_SystemCD/Tools/SystemBuilder/CodeGenerated/DE10_LITE/mips/mips.v Line: 20
    Warning (13040): bidirectional pin "DRAM_DQ[10]" has no driver File: C:/Users/makth/Downloads/DE10-Lite_v.2.1.0_SystemCD/Tools/SystemBuilder/CodeGenerated/DE10_LITE/mips/mips.v Line: 20
    Warning (13040): bidirectional pin "DRAM_DQ[11]" has no driver File: C:/Users/makth/Downloads/DE10-Lite_v.2.1.0_SystemCD/Tools/SystemBuilder/CodeGenerated/DE10_LITE/mips/mips.v Line: 20
    Warning (13040): bidirectional pin "DRAM_DQ[12]" has no driver File: C:/Users/makth/Downloads/DE10-Lite_v.2.1.0_SystemCD/Tools/SystemBuilder/CodeGenerated/DE10_LITE/mips/mips.v Line: 20
    Warning (13040): bidirectional pin "DRAM_DQ[13]" has no driver File: C:/Users/makth/Downloads/DE10-Lite_v.2.1.0_SystemCD/Tools/SystemBuilder/CodeGenerated/DE10_LITE/mips/mips.v Line: 20
    Warning (13040): bidirectional pin "DRAM_DQ[14]" has no driver File: C:/Users/makth/Downloads/DE10-Lite_v.2.1.0_SystemCD/Tools/SystemBuilder/CodeGenerated/DE10_LITE/mips/mips.v Line: 20
    Warning (13040): bidirectional pin "DRAM_DQ[15]" has no driver File: C:/Users/makth/Downloads/DE10-Lite_v.2.1.0_SystemCD/Tools/SystemBuilder/CodeGenerated/DE10_LITE/mips/mips.v Line: 20
    Warning (13040): bidirectional pin "GSENSOR_SDI" has no driver File: C:/Users/makth/Downloads/DE10-Lite_v.2.1.0_SystemCD/Tools/SystemBuilder/CodeGenerated/DE10_LITE/mips/mips.v Line: 54
    Warning (13040): bidirectional pin "GSENSOR_SDO" has no driver File: C:/Users/makth/Downloads/DE10-Lite_v.2.1.0_SystemCD/Tools/SystemBuilder/CodeGenerated/DE10_LITE/mips/mips.v Line: 55
    Warning (13040): bidirectional pin "ARDUINO_IO[0]" has no driver File: C:/Users/makth/Downloads/DE10-Lite_v.2.1.0_SystemCD/Tools/SystemBuilder/CodeGenerated/DE10_LITE/mips/mips.v Line: 58
    Warning (13040): bidirectional pin "ARDUINO_IO[1]" has no driver File: C:/Users/makth/Downloads/DE10-Lite_v.2.1.0_SystemCD/Tools/SystemBuilder/CodeGenerated/DE10_LITE/mips/mips.v Line: 58
    Warning (13040): bidirectional pin "ARDUINO_IO[2]" has no driver File: C:/Users/makth/Downloads/DE10-Lite_v.2.1.0_SystemCD/Tools/SystemBuilder/CodeGenerated/DE10_LITE/mips/mips.v Line: 58
    Warning (13040): bidirectional pin "ARDUINO_IO[3]" has no driver File: C:/Users/makth/Downloads/DE10-Lite_v.2.1.0_SystemCD/Tools/SystemBuilder/CodeGenerated/DE10_LITE/mips/mips.v Line: 58
    Warning (13040): bidirectional pin "ARDUINO_IO[4]" has no driver File: C:/Users/makth/Downloads/DE10-Lite_v.2.1.0_SystemCD/Tools/SystemBuilder/CodeGenerated/DE10_LITE/mips/mips.v Line: 58
    Warning (13040): bidirectional pin "ARDUINO_IO[5]" has no driver File: C:/Users/makth/Downloads/DE10-Lite_v.2.1.0_SystemCD/Tools/SystemBuilder/CodeGenerated/DE10_LITE/mips/mips.v Line: 58
    Warning (13040): bidirectional pin "ARDUINO_IO[6]" has no driver File: C:/Users/makth/Downloads/DE10-Lite_v.2.1.0_SystemCD/Tools/SystemBuilder/CodeGenerated/DE10_LITE/mips/mips.v Line: 58
    Warning (13040): bidirectional pin "ARDUINO_IO[7]" has no driver File: C:/Users/makth/Downloads/DE10-Lite_v.2.1.0_SystemCD/Tools/SystemBuilder/CodeGenerated/DE10_LITE/mips/mips.v Line: 58
    Warning (13040): bidirectional pin "ARDUINO_IO[8]" has no driver File: C:/Users/makth/Downloads/DE10-Lite_v.2.1.0_SystemCD/Tools/SystemBuilder/CodeGenerated/DE10_LITE/mips/mips.v Line: 58
    Warning (13040): bidirectional pin "ARDUINO_IO[9]" has no driver File: C:/Users/makth/Downloads/DE10-Lite_v.2.1.0_SystemCD/Tools/SystemBuilder/CodeGenerated/DE10_LITE/mips/mips.v Line: 58
    Warning (13040): bidirectional pin "ARDUINO_IO[10]" has no driver File: C:/Users/makth/Downloads/DE10-Lite_v.2.1.0_SystemCD/Tools/SystemBuilder/CodeGenerated/DE10_LITE/mips/mips.v Line: 58
    Warning (13040): bidirectional pin "ARDUINO_IO[11]" has no driver File: C:/Users/makth/Downloads/DE10-Lite_v.2.1.0_SystemCD/Tools/SystemBuilder/CodeGenerated/DE10_LITE/mips/mips.v Line: 58
    Warning (13040): bidirectional pin "ARDUINO_IO[12]" has no driver File: C:/Users/makth/Downloads/DE10-Lite_v.2.1.0_SystemCD/Tools/SystemBuilder/CodeGenerated/DE10_LITE/mips/mips.v Line: 58
    Warning (13040): bidirectional pin "ARDUINO_IO[13]" has no driver File: C:/Users/makth/Downloads/DE10-Lite_v.2.1.0_SystemCD/Tools/SystemBuilder/CodeGenerated/DE10_LITE/mips/mips.v Line: 58
    Warning (13040): bidirectional pin "ARDUINO_IO[14]" has no driver File: C:/Users/makth/Downloads/DE10-Lite_v.2.1.0_SystemCD/Tools/SystemBuilder/CodeGenerated/DE10_LITE/mips/mips.v Line: 58
    Warning (13040): bidirectional pin "ARDUINO_IO[15]" has no driver File: C:/Users/makth/Downloads/DE10-Lite_v.2.1.0_SystemCD/Tools/SystemBuilder/CodeGenerated/DE10_LITE/mips/mips.v Line: 58
    Warning (13040): bidirectional pin "ARDUINO_RESET_N" has no driver File: C:/Users/makth/Downloads/DE10-Lite_v.2.1.0_SystemCD/Tools/SystemBuilder/CodeGenerated/DE10_LITE/mips/mips.v Line: 60
Warning (13024): Output pins are stuck at VCC or GND
    Warning (13410): Pin "DRAM_ADDR[0]" is stuck at GND File: C:/Users/makth/Downloads/DE10-Lite_v.2.1.0_SystemCD/Tools/SystemBuilder/CodeGenerated/DE10_LITE/mips/mips.v Line: 14
    Warning (13410): Pin "DRAM_ADDR[1]" is stuck at GND File: C:/Users/makth/Downloads/DE10-Lite_v.2.1.0_SystemCD/Tools/SystemBuilder/CodeGenerated/DE10_LITE/mips/mips.v Line: 14
    Warning (13410): Pin "DRAM_ADDR[2]" is stuck at GND File: C:/Users/makth/Downloads/DE10-Lite_v.2.1.0_SystemCD/Tools/SystemBuilder/CodeGenerated/DE10_LITE/mips/mips.v Line: 14
    Warning (13410): Pin "DRAM_ADDR[3]" is stuck at GND File: C:/Users/makth/Downloads/DE10-Lite_v.2.1.0_SystemCD/Tools/SystemBuilder/CodeGenerated/DE10_LITE/mips/mips.v Line: 14
    Warning (13410): Pin "DRAM_ADDR[4]" is stuck at GND File: C:/Users/makth/Downloads/DE10-Lite_v.2.1.0_SystemCD/Tools/SystemBuilder/CodeGenerated/DE10_LITE/mips/mips.v Line: 14
    Warning (13410): Pin "DRAM_ADDR[5]" is stuck at GND File: C:/Users/makth/Downloads/DE10-Lite_v.2.1.0_SystemCD/Tools/SystemBuilder/CodeGenerated/DE10_LITE/mips/mips.v Line: 14
    Warning (13410): Pin "DRAM_ADDR[6]" is stuck at GND File: C:/Users/makth/Downloads/DE10-Lite_v.2.1.0_SystemCD/Tools/SystemBuilder/CodeGenerated/DE10_LITE/mips/mips.v Line: 14
    Warning (13410): Pin "DRAM_ADDR[7]" is stuck at GND File: C:/Users/makth/Downloads/DE10-Lite_v.2.1.0_SystemCD/Tools/SystemBuilder/CodeGenerated/DE10_LITE/mips/mips.v Line: 14
    Warning (13410): Pin "DRAM_ADDR[8]" is stuck at GND File: C:/Users/makth/Downloads/DE10-Lite_v.2.1.0_SystemCD/Tools/SystemBuilder/CodeGenerated/DE10_LITE/mips/mips.v Line: 14
    Warning (13410): Pin "DRAM_ADDR[9]" is stuck at GND File: C:/Users/makth/Downloads/DE10-Lite_v.2.1.0_SystemCD/Tools/SystemBuilder/CodeGenerated/DE10_LITE/mips/mips.v Line: 14
    Warning (13410): Pin "DRAM_ADDR[10]" is stuck at GND File: C:/Users/makth/Downloads/DE10-Lite_v.2.1.0_SystemCD/Tools/SystemBuilder/CodeGenerated/DE10_LITE/mips/mips.v Line: 14
    Warning (13410): Pin "DRAM_ADDR[11]" is stuck at GND File: C:/Users/makth/Downloads/DE10-Lite_v.2.1.0_SystemCD/Tools/SystemBuilder/CodeGenerated/DE10_LITE/mips/mips.v Line: 14
    Warning (13410): Pin "DRAM_ADDR[12]" is stuck at GND File: C:/Users/makth/Downloads/DE10-Lite_v.2.1.0_SystemCD/Tools/SystemBuilder/CodeGenerated/DE10_LITE/mips/mips.v Line: 14
    Warning (13410): Pin "DRAM_BA[0]" is stuck at GND File: C:/Users/makth/Downloads/DE10-Lite_v.2.1.0_SystemCD/Tools/SystemBuilder/CodeGenerated/DE10_LITE/mips/mips.v Line: 15
    Warning (13410): Pin "DRAM_BA[1]" is stuck at GND File: C:/Users/makth/Downloads/DE10-Lite_v.2.1.0_SystemCD/Tools/SystemBuilder/CodeGenerated/DE10_LITE/mips/mips.v Line: 15
    Warning (13410): Pin "DRAM_CAS_N" is stuck at GND File: C:/Users/makth/Downloads/DE10-Lite_v.2.1.0_SystemCD/Tools/SystemBuilder/CodeGenerated/DE10_LITE/mips/mips.v Line: 16
    Warning (13410): Pin "DRAM_CKE" is stuck at GND File: C:/Users/makth/Downloads/DE10-Lite_v.2.1.0_SystemCD/Tools/SystemBuilder/CodeGenerated/DE10_LITE/mips/mips.v Line: 17
    Warning (13410): Pin "DRAM_CLK" is stuck at GND File: C:/Users/makth/Downloads/DE10-Lite_v.2.1.0_SystemCD/Tools/SystemBuilder/CodeGenerated/DE10_LITE/mips/mips.v Line: 18
    Warning (13410): Pin "DRAM_CS_N" is stuck at GND File: C:/Users/makth/Downloads/DE10-Lite_v.2.1.0_SystemCD/Tools/SystemBuilder/CodeGenerated/DE10_LITE/mips/mips.v Line: 19
    Warning (13410): Pin "DRAM_LDQM" is stuck at GND File: C:/Users/makth/Downloads/DE10-Lite_v.2.1.0_SystemCD/Tools/SystemBuilder/CodeGenerated/DE10_LITE/mips/mips.v Line: 21
    Warning (13410): Pin "DRAM_RAS_N" is stuck at GND File: C:/Users/makth/Downloads/DE10-Lite_v.2.1.0_SystemCD/Tools/SystemBuilder/CodeGenerated/DE10_LITE/mips/mips.v Line: 22
    Warning (13410): Pin "DRAM_UDQM" is stuck at GND File: C:/Users/makth/Downloads/DE10-Lite_v.2.1.0_SystemCD/Tools/SystemBuilder/CodeGenerated/DE10_LITE/mips/mips.v Line: 23
    Warning (13410): Pin "DRAM_WE_N" is stuck at GND File: C:/Users/makth/Downloads/DE10-Lite_v.2.1.0_SystemCD/Tools/SystemBuilder/CodeGenerated/DE10_LITE/mips/mips.v Line: 24
    Warning (13410): Pin "HEX0[0]" is stuck at GND File: C:/Users/makth/Downloads/DE10-Lite_v.2.1.0_SystemCD/Tools/SystemBuilder/CodeGenerated/DE10_LITE/mips/mips.v Line: 27
    Warning (13410): Pin "HEX0[1]" is stuck at GND File: C:/Users/makth/Downloads/DE10-Lite_v.2.1.0_SystemCD/Tools/SystemBuilder/CodeGenerated/DE10_LITE/mips/mips.v Line: 27
    Warning (13410): Pin "HEX0[2]" is stuck at GND File: C:/Users/makth/Downloads/DE10-Lite_v.2.1.0_SystemCD/Tools/SystemBuilder/CodeGenerated/DE10_LITE/mips/mips.v Line: 27
    Warning (13410): Pin "HEX0[3]" is stuck at GND File: C:/Users/makth/Downloads/DE10-Lite_v.2.1.0_SystemCD/Tools/SystemBuilder/CodeGenerated/DE10_LITE/mips/mips.v Line: 27
    Warning (13410): Pin "HEX0[4]" is stuck at GND File: C:/Users/makth/Downloads/DE10-Lite_v.2.1.0_SystemCD/Tools/SystemBuilder/CodeGenerated/DE10_LITE/mips/mips.v Line: 27
    Warning (13410): Pin "HEX0[5]" is stuck at GND File: C:/Users/makth/Downloads/DE10-Lite_v.2.1.0_SystemCD/Tools/SystemBuilder/CodeGenerated/DE10_LITE/mips/mips.v Line: 27
    Warning (13410): Pin "HEX0[6]" is stuck at GND File: C:/Users/makth/Downloads/DE10-Lite_v.2.1.0_SystemCD/Tools/SystemBuilder/CodeGenerated/DE10_LITE/mips/mips.v Line: 27
    Warning (13410): Pin "HEX0[7]" is stuck at GND File: C:/Users/makth/Downloads/DE10-Lite_v.2.1.0_SystemCD/Tools/SystemBuilder/CodeGenerated/DE10_LITE/mips/mips.v Line: 27
    Warning (13410): Pin "HEX1[0]" is stuck at GND File: C:/Users/makth/Downloads/DE10-Lite_v.2.1.0_SystemCD/Tools/SystemBuilder/CodeGenerated/DE10_LITE/mips/mips.v Line: 28
    Warning (13410): Pin "HEX1[1]" is stuck at GND File: C:/Users/makth/Downloads/DE10-Lite_v.2.1.0_SystemCD/Tools/SystemBuilder/CodeGenerated/DE10_LITE/mips/mips.v Line: 28
    Warning (13410): Pin "HEX1[2]" is stuck at GND File: C:/Users/makth/Downloads/DE10-Lite_v.2.1.0_SystemCD/Tools/SystemBuilder/CodeGenerated/DE10_LITE/mips/mips.v Line: 28
    Warning (13410): Pin "HEX1[3]" is stuck at GND File: C:/Users/makth/Downloads/DE10-Lite_v.2.1.0_SystemCD/Tools/SystemBuilder/CodeGenerated/DE10_LITE/mips/mips.v Line: 28
    Warning (13410): Pin "HEX1[4]" is stuck at GND File: C:/Users/makth/Downloads/DE10-Lite_v.2.1.0_SystemCD/Tools/SystemBuilder/CodeGenerated/DE10_LITE/mips/mips.v Line: 28
    Warning (13410): Pin "HEX1[5]" is stuck at GND File: C:/Users/makth/Downloads/DE10-Lite_v.2.1.0_SystemCD/Tools/SystemBuilder/CodeGenerated/DE10_LITE/mips/mips.v Line: 28
    Warning (13410): Pin "HEX1[6]" is stuck at GND File: C:/Users/makth/Downloads/DE10-Lite_v.2.1.0_SystemCD/Tools/SystemBuilder/CodeGenerated/DE10_LITE/mips/mips.v Line: 28
    Warning (13410): Pin "HEX1[7]" is stuck at GND File: C:/Users/makth/Downloads/DE10-Lite_v.2.1.0_SystemCD/Tools/SystemBuilder/CodeGenerated/DE10_LITE/mips/mips.v Line: 28
    Warning (13410): Pin "HEX2[0]" is stuck at GND File: C:/Users/makth/Downloads/DE10-Lite_v.2.1.0_SystemCD/Tools/SystemBuilder/CodeGenerated/DE10_LITE/mips/mips.v Line: 29
    Warning (13410): Pin "HEX2[1]" is stuck at GND File: C:/Users/makth/Downloads/DE10-Lite_v.2.1.0_SystemCD/Tools/SystemBuilder/CodeGenerated/DE10_LITE/mips/mips.v Line: 29
    Warning (13410): Pin "HEX2[2]" is stuck at GND File: C:/Users/makth/Downloads/DE10-Lite_v.2.1.0_SystemCD/Tools/SystemBuilder/CodeGenerated/DE10_LITE/mips/mips.v Line: 29
    Warning (13410): Pin "HEX2[3]" is stuck at GND File: C:/Users/makth/Downloads/DE10-Lite_v.2.1.0_SystemCD/Tools/SystemBuilder/CodeGenerated/DE10_LITE/mips/mips.v Line: 29
    Warning (13410): Pin "HEX2[4]" is stuck at GND File: C:/Users/makth/Downloads/DE10-Lite_v.2.1.0_SystemCD/Tools/SystemBuilder/CodeGenerated/DE10_LITE/mips/mips.v Line: 29
    Warning (13410): Pin "HEX2[5]" is stuck at GND File: C:/Users/makth/Downloads/DE10-Lite_v.2.1.0_SystemCD/Tools/SystemBuilder/CodeGenerated/DE10_LITE/mips/mips.v Line: 29
    Warning (13410): Pin "HEX2[6]" is stuck at GND File: C:/Users/makth/Downloads/DE10-Lite_v.2.1.0_SystemCD/Tools/SystemBuilder/CodeGenerated/DE10_LITE/mips/mips.v Line: 29
    Warning (13410): Pin "HEX2[7]" is stuck at GND File: C:/Users/makth/Downloads/DE10-Lite_v.2.1.0_SystemCD/Tools/SystemBuilder/CodeGenerated/DE10_LITE/mips/mips.v Line: 29
    Warning (13410): Pin "HEX3[0]" is stuck at GND File: C:/Users/makth/Downloads/DE10-Lite_v.2.1.0_SystemCD/Tools/SystemBuilder/CodeGenerated/DE10_LITE/mips/mips.v Line: 30
    Warning (13410): Pin "HEX3[1]" is stuck at GND File: C:/Users/makth/Downloads/DE10-Lite_v.2.1.0_SystemCD/Tools/SystemBuilder/CodeGenerated/DE10_LITE/mips/mips.v Line: 30
    Warning (13410): Pin "HEX3[2]" is stuck at GND File: C:/Users/makth/Downloads/DE10-Lite_v.2.1.0_SystemCD/Tools/SystemBuilder/CodeGenerated/DE10_LITE/mips/mips.v Line: 30
    Warning (13410): Pin "HEX3[3]" is stuck at GND File: C:/Users/makth/Downloads/DE10-Lite_v.2.1.0_SystemCD/Tools/SystemBuilder/CodeGenerated/DE10_LITE/mips/mips.v Line: 30
    Warning (13410): Pin "HEX3[4]" is stuck at GND File: C:/Users/makth/Downloads/DE10-Lite_v.2.1.0_SystemCD/Tools/SystemBuilder/CodeGenerated/DE10_LITE/mips/mips.v Line: 30
    Warning (13410): Pin "HEX3[5]" is stuck at GND File: C:/Users/makth/Downloads/DE10-Lite_v.2.1.0_SystemCD/Tools/SystemBuilder/CodeGenerated/DE10_LITE/mips/mips.v Line: 30
    Warning (13410): Pin "HEX3[6]" is stuck at GND File: C:/Users/makth/Downloads/DE10-Lite_v.2.1.0_SystemCD/Tools/SystemBuilder/CodeGenerated/DE10_LITE/mips/mips.v Line: 30
    Warning (13410): Pin "HEX3[7]" is stuck at GND File: C:/Users/makth/Downloads/DE10-Lite_v.2.1.0_SystemCD/Tools/SystemBuilder/CodeGenerated/DE10_LITE/mips/mips.v Line: 30
    Warning (13410): Pin "HEX4[0]" is stuck at GND File: C:/Users/makth/Downloads/DE10-Lite_v.2.1.0_SystemCD/Tools/SystemBuilder/CodeGenerated/DE10_LITE/mips/mips.v Line: 31
    Warning (13410): Pin "HEX4[1]" is stuck at GND File: C:/Users/makth/Downloads/DE10-Lite_v.2.1.0_SystemCD/Tools/SystemBuilder/CodeGenerated/DE10_LITE/mips/mips.v Line: 31
    Warning (13410): Pin "HEX4[2]" is stuck at GND File: C:/Users/makth/Downloads/DE10-Lite_v.2.1.0_SystemCD/Tools/SystemBuilder/CodeGenerated/DE10_LITE/mips/mips.v Line: 31
    Warning (13410): Pin "HEX4[3]" is stuck at GND File: C:/Users/makth/Downloads/DE10-Lite_v.2.1.0_SystemCD/Tools/SystemBuilder/CodeGenerated/DE10_LITE/mips/mips.v Line: 31
    Warning (13410): Pin "HEX4[4]" is stuck at GND File: C:/Users/makth/Downloads/DE10-Lite_v.2.1.0_SystemCD/Tools/SystemBuilder/CodeGenerated/DE10_LITE/mips/mips.v Line: 31
    Warning (13410): Pin "HEX4[5]" is stuck at GND File: C:/Users/makth/Downloads/DE10-Lite_v.2.1.0_SystemCD/Tools/SystemBuilder/CodeGenerated/DE10_LITE/mips/mips.v Line: 31
    Warning (13410): Pin "HEX4[6]" is stuck at GND File: C:/Users/makth/Downloads/DE10-Lite_v.2.1.0_SystemCD/Tools/SystemBuilder/CodeGenerated/DE10_LITE/mips/mips.v Line: 31
    Warning (13410): Pin "HEX4[7]" is stuck at GND File: C:/Users/makth/Downloads/DE10-Lite_v.2.1.0_SystemCD/Tools/SystemBuilder/CodeGenerated/DE10_LITE/mips/mips.v Line: 31
    Warning (13410): Pin "HEX5[0]" is stuck at GND File: C:/Users/makth/Downloads/DE10-Lite_v.2.1.0_SystemCD/Tools/SystemBuilder/CodeGenerated/DE10_LITE/mips/mips.v Line: 32
    Warning (13410): Pin "HEX5[1]" is stuck at GND File: C:/Users/makth/Downloads/DE10-Lite_v.2.1.0_SystemCD/Tools/SystemBuilder/CodeGenerated/DE10_LITE/mips/mips.v Line: 32
    Warning (13410): Pin "HEX5[2]" is stuck at GND File: C:/Users/makth/Downloads/DE10-Lite_v.2.1.0_SystemCD/Tools/SystemBuilder/CodeGenerated/DE10_LITE/mips/mips.v Line: 32
    Warning (13410): Pin "HEX5[3]" is stuck at GND File: C:/Users/makth/Downloads/DE10-Lite_v.2.1.0_SystemCD/Tools/SystemBuilder/CodeGenerated/DE10_LITE/mips/mips.v Line: 32
    Warning (13410): Pin "HEX5[4]" is stuck at GND File: C:/Users/makth/Downloads/DE10-Lite_v.2.1.0_SystemCD/Tools/SystemBuilder/CodeGenerated/DE10_LITE/mips/mips.v Line: 32
    Warning (13410): Pin "HEX5[5]" is stuck at GND File: C:/Users/makth/Downloads/DE10-Lite_v.2.1.0_SystemCD/Tools/SystemBuilder/CodeGenerated/DE10_LITE/mips/mips.v Line: 32
    Warning (13410): Pin "HEX5[6]" is stuck at GND File: C:/Users/makth/Downloads/DE10-Lite_v.2.1.0_SystemCD/Tools/SystemBuilder/CodeGenerated/DE10_LITE/mips/mips.v Line: 32
    Warning (13410): Pin "HEX5[7]" is stuck at GND File: C:/Users/makth/Downloads/DE10-Lite_v.2.1.0_SystemCD/Tools/SystemBuilder/CodeGenerated/DE10_LITE/mips/mips.v Line: 32
    Warning (13410): Pin "LEDR[0]" is stuck at GND File: C:/Users/makth/Downloads/DE10-Lite_v.2.1.0_SystemCD/Tools/SystemBuilder/CodeGenerated/DE10_LITE/mips/mips.v Line: 38
    Warning (13410): Pin "LEDR[1]" is stuck at GND File: C:/Users/makth/Downloads/DE10-Lite_v.2.1.0_SystemCD/Tools/SystemBuilder/CodeGenerated/DE10_LITE/mips/mips.v Line: 38
    Warning (13410): Pin "LEDR[2]" is stuck at GND File: C:/Users/makth/Downloads/DE10-Lite_v.2.1.0_SystemCD/Tools/SystemBuilder/CodeGenerated/DE10_LITE/mips/mips.v Line: 38
    Warning (13410): Pin "LEDR[3]" is stuck at GND File: C:/Users/makth/Downloads/DE10-Lite_v.2.1.0_SystemCD/Tools/SystemBuilder/CodeGenerated/DE10_LITE/mips/mips.v Line: 38
    Warning (13410): Pin "LEDR[4]" is stuck at GND File: C:/Users/makth/Downloads/DE10-Lite_v.2.1.0_SystemCD/Tools/SystemBuilder/CodeGenerated/DE10_LITE/mips/mips.v Line: 38
    Warning (13410): Pin "LEDR[5]" is stuck at GND File: C:/Users/makth/Downloads/DE10-Lite_v.2.1.0_SystemCD/Tools/SystemBuilder/CodeGenerated/DE10_LITE/mips/mips.v Line: 38
    Warning (13410): Pin "LEDR[6]" is stuck at GND File: C:/Users/makth/Downloads/DE10-Lite_v.2.1.0_SystemCD/Tools/SystemBuilder/CodeGenerated/DE10_LITE/mips/mips.v Line: 38
    Warning (13410): Pin "LEDR[7]" is stuck at GND File: C:/Users/makth/Downloads/DE10-Lite_v.2.1.0_SystemCD/Tools/SystemBuilder/CodeGenerated/DE10_LITE/mips/mips.v Line: 38
    Warning (13410): Pin "LEDR[8]" is stuck at GND File: C:/Users/makth/Downloads/DE10-Lite_v.2.1.0_SystemCD/Tools/SystemBuilder/CodeGenerated/DE10_LITE/mips/mips.v Line: 38
    Warning (13410): Pin "LEDR[9]" is stuck at GND File: C:/Users/makth/Downloads/DE10-Lite_v.2.1.0_SystemCD/Tools/SystemBuilder/CodeGenerated/DE10_LITE/mips/mips.v Line: 38
    Warning (13410): Pin "VGA_B[0]" is stuck at GND File: C:/Users/makth/Downloads/DE10-Lite_v.2.1.0_SystemCD/Tools/SystemBuilder/CodeGenerated/DE10_LITE/mips/mips.v Line: 44
    Warning (13410): Pin "VGA_B[1]" is stuck at GND File: C:/Users/makth/Downloads/DE10-Lite_v.2.1.0_SystemCD/Tools/SystemBuilder/CodeGenerated/DE10_LITE/mips/mips.v Line: 44
    Warning (13410): Pin "VGA_B[2]" is stuck at GND File: C:/Users/makth/Downloads/DE10-Lite_v.2.1.0_SystemCD/Tools/SystemBuilder/CodeGenerated/DE10_LITE/mips/mips.v Line: 44
    Warning (13410): Pin "VGA_B[3]" is stuck at GND File: C:/Users/makth/Downloads/DE10-Lite_v.2.1.0_SystemCD/Tools/SystemBuilder/CodeGenerated/DE10_LITE/mips/mips.v Line: 44
    Warning (13410): Pin "VGA_G[0]" is stuck at GND File: C:/Users/makth/Downloads/DE10-Lite_v.2.1.0_SystemCD/Tools/SystemBuilder/CodeGenerated/DE10_LITE/mips/mips.v Line: 45
    Warning (13410): Pin "VGA_G[1]" is stuck at GND File: C:/Users/makth/Downloads/DE10-Lite_v.2.1.0_SystemCD/Tools/SystemBuilder/CodeGenerated/DE10_LITE/mips/mips.v Line: 45
    Warning (13410): Pin "VGA_G[2]" is stuck at GND File: C:/Users/makth/Downloads/DE10-Lite_v.2.1.0_SystemCD/Tools/SystemBuilder/CodeGenerated/DE10_LITE/mips/mips.v Line: 45
    Warning (13410): Pin "VGA_G[3]" is stuck at GND File: C:/Users/makth/Downloads/DE10-Lite_v.2.1.0_SystemCD/Tools/SystemBuilder/CodeGenerated/DE10_LITE/mips/mips.v Line: 45
    Warning (13410): Pin "VGA_HS" is stuck at GND File: C:/Users/makth/Downloads/DE10-Lite_v.2.1.0_SystemCD/Tools/SystemBuilder/CodeGenerated/DE10_LITE/mips/mips.v Line: 46
    Warning (13410): Pin "VGA_R[0]" is stuck at GND File: C:/Users/makth/Downloads/DE10-Lite_v.2.1.0_SystemCD/Tools/SystemBuilder/CodeGenerated/DE10_LITE/mips/mips.v Line: 47
    Warning (13410): Pin "VGA_R[1]" is stuck at GND File: C:/Users/makth/Downloads/DE10-Lite_v.2.1.0_SystemCD/Tools/SystemBuilder/CodeGenerated/DE10_LITE/mips/mips.v Line: 47
    Warning (13410): Pin "VGA_R[2]" is stuck at GND File: C:/Users/makth/Downloads/DE10-Lite_v.2.1.0_SystemCD/Tools/SystemBuilder/CodeGenerated/DE10_LITE/mips/mips.v Line: 47
    Warning (13410): Pin "VGA_R[3]" is stuck at GND File: C:/Users/makth/Downloads/DE10-Lite_v.2.1.0_SystemCD/Tools/SystemBuilder/CodeGenerated/DE10_LITE/mips/mips.v Line: 47
    Warning (13410): Pin "VGA_VS" is stuck at GND File: C:/Users/makth/Downloads/DE10-Lite_v.2.1.0_SystemCD/Tools/SystemBuilder/CodeGenerated/DE10_LITE/mips/mips.v Line: 48
    Warning (13410): Pin "GSENSOR_CS_N" is stuck at GND File: C:/Users/makth/Downloads/DE10-Lite_v.2.1.0_SystemCD/Tools/SystemBuilder/CodeGenerated/DE10_LITE/mips/mips.v Line: 51
    Warning (13410): Pin "GSENSOR_SCLK" is stuck at GND File: C:/Users/makth/Downloads/DE10-Lite_v.2.1.0_SystemCD/Tools/SystemBuilder/CodeGenerated/DE10_LITE/mips/mips.v Line: 53
Info (16010): Generating hard_block partition "hard_block:auto_generated_inst"
    Info (16011): Adding 0 node(s), including 0 DDIO, 0 PLL, 0 transceiver and 0 LCELL
Warning (21074): Design contains 17 input pin(s) that do not drive logic
    Warning (15610): No output dependent on input pin "ADC_CLK_10" File: C:/Users/makth/Downloads/DE10-Lite_v.2.1.0_SystemCD/Tools/SystemBuilder/CodeGenerated/DE10_LITE/mips/mips.v Line: 9
    Warning (15610): No output dependent on input pin "MAX10_CLK1_50" File: C:/Users/makth/Downloads/DE10-Lite_v.2.1.0_SystemCD/Tools/SystemBuilder/CodeGenerated/DE10_LITE/mips/mips.v Line: 10
    Warning (15610): No output dependent on input pin "MAX10_CLK2_50" File: C:/Users/makth/Downloads/DE10-Lite_v.2.1.0_SystemCD/Tools/SystemBuilder/CodeGenerated/DE10_LITE/mips/mips.v Line: 11
    Warning (15610): No output dependent on input pin "KEY[0]" File: C:/Users/makth/Downloads/DE10-Lite_v.2.1.0_SystemCD/Tools/SystemBuilder/CodeGenerated/DE10_LITE/mips/mips.v Line: 35
    Warning (15610): No output dependent on input pin "KEY[1]" File: C:/Users/makth/Downloads/DE10-Lite_v.2.1.0_SystemCD/Tools/SystemBuilder/CodeGenerated/DE10_LITE/mips/mips.v Line: 35
    Warning (15610): No output dependent on input pin "SW[0]" File: C:/Users/makth/Downloads/DE10-Lite_v.2.1.0_SystemCD/Tools/SystemBuilder/CodeGenerated/DE10_LITE/mips/mips.v Line: 41
    Warning (15610): No output dependent on input pin "SW[1]" File: C:/Users/makth/Downloads/DE10-Lite_v.2.1.0_SystemCD/Tools/SystemBuilder/CodeGenerated/DE10_LITE/mips/mips.v Line: 41
    Warning (15610): No output dependent on input pin "SW[2]" File: C:/Users/makth/Downloads/DE10-Lite_v.2.1.0_SystemCD/Tools/SystemBuilder/CodeGenerated/DE10_LITE/mips/mips.v Line: 41
    Warning (15610): No output dependent on input pin "SW[3]" File: C:/Users/makth/Downloads/DE10-Lite_v.2.1.0_SystemCD/Tools/SystemBuilder/CodeGenerated/DE10_LITE/mips/mips.v Line: 41
    Warning (15610): No output dependent on input pin "SW[4]" File: C:/Users/makth/Downloads/DE10-Lite_v.2.1.0_SystemCD/Tools/SystemBuilder/CodeGenerated/DE10_LITE/mips/mips.v Line: 41
    Warning (15610): No output dependent on input pin "SW[5]" File: C:/Users/makth/Downloads/DE10-Lite_v.2.1.0_SystemCD/Tools/SystemBuilder/CodeGenerated/DE10_LITE/mips/mips.v Line: 41
    Warning (15610): No output dependent on input pin "SW[6]" File: C:/Users/makth/Downloads/DE10-Lite_v.2.1.0_SystemCD/Tools/SystemBuilder/CodeGenerated/DE10_LITE/mips/mips.v Line: 41
    Warning (15610): No output dependent on input pin "SW[7]" File: C:/Users/makth/Downloads/DE10-Lite_v.2.1.0_SystemCD/Tools/SystemBuilder/CodeGenerated/DE10_LITE/mips/mips.v Line: 41
    Warning (15610): No output dependent on input pin "SW[8]" File: C:/Users/makth/Downloads/DE10-Lite_v.2.1.0_SystemCD/Tools/SystemBuilder/CodeGenerated/DE10_LITE/mips/mips.v Line: 41
    Warning (15610): No output dependent on input pin "SW[9]" File: C:/Users/makth/Downloads/DE10-Lite_v.2.1.0_SystemCD/Tools/SystemBuilder/CodeGenerated/DE10_LITE/mips/mips.v Line: 41
    Warning (15610): No output dependent on input pin "GSENSOR_INT[1]" File: C:/Users/makth/Downloads/DE10-Lite_v.2.1.0_SystemCD/Tools/SystemBuilder/CodeGenerated/DE10_LITE/mips/mips.v Line: 52
    Warning (15610): No output dependent on input pin "GSENSOR_INT[2]" File: C:/Users/makth/Downloads/DE10-Lite_v.2.1.0_SystemCD/Tools/SystemBuilder/CodeGenerated/DE10_LITE/mips/mips.v Line: 52
Info (21057): Implemented 149 device resources after synthesis - the final resource count might be different
    Info (21058): Implemented 17 input pins
    Info (21059): Implemented 97 output pins
    Info (21060): Implemented 35 bidirectional pins
Info: Quartus Prime Analysis & Synthesis was successful. 0 errors, 181 warnings
    Info: Peak virtual memory: 4740 megabytes
    Info: Processing ended: Wed Jan 10 15:54:54 2024
    Info: Elapsed time: 00:00:06
    Info: Total CPU time (on all processors): 00:00:04


